<?xml version="1.0" encoding="UTF-8"?>
<testng-results ignored="0" total="1" passed="1" failed="0" skipped="0">
  <reporter-output>
  </reporter-output>
  <suite started-at="2025-04-03T18:44:01 IST" name="Default suite" finished-at="2025-04-03T18:44:52 IST" duration-ms="50551">
    <groups>
    </groups>
    <test started-at="2025-04-03T18:44:01 IST" name="Default test" finished-at="2025-04-03T18:44:52 IST" duration-ms="50551">
      <class name="university_time_management_bank.DemoVideo">
        <test-method is-config="true" signature="setup()[pri:0, instance:university_time_management_bank.DemoVideo@4facf68f]" started-at="2025-04-03T18:44:01 IST" name="setup" finished-at="2025-04-03T18:44:17 IST" duration-ms="15755" status="PASS">
          <reporter-output>
          </reporter-output>
        </test-method> <!-- setup -->
        <test-method signature="f1()[pri:0, instance:university_time_management_bank.DemoVideo@4facf68f]" started-at="2025-04-03T18:44:17 IST" name="f1" finished-at="2025-04-03T18:44:52 IST" duration-ms="34734" status="PASS">
          <reporter-output>
          </reporter-output>
        </test-method> <!-- f1 -->
      </class> <!-- university_time_management_bank.DemoVideo -->
    </test> <!-- Default test -->
  </suite> <!-- Default suite -->
</testng-results>
